[    0.000000] Linux version 4.15.0-161-generic (buildd@lcy01-amd64-012) (gcc version 7.5.0 (Ubuntu 7.5.0-3ubuntu1~18.04)) #169-Ubuntu SMP Fri Oct 15 13:41:54 UTC 2021 (Ubuntu 4.15.0-161.169-generic 4.15.18)
[    0.000000] Command line: BOOT_IMAGE=/boot/vmlinuz-4.15.0-161-generic root=UUID=b4821a18-e421-4128-97a6-636c3c3a9a1c ro console=tty1 console=ttyS0
[    0.000000] KERNEL supported cpus:
[    0.000000]   Intel GenuineIntel
[    0.000000]   AMD AuthenticAMD
[    0.000000]   Centaur CentaurHauls
[    0.000000] [Firmware Bug]: TSC doesn't count with P0 frequency!
[    0.000000] x86/fpu: Supporting XSAVE feature 0x001: 'x87 floating point registers'
[    0.000000] x86/fpu: Supporting XSAVE feature 0x002: 'SSE registers'
[    0.000000] x86/fpu: Supporting XSAVE feature 0x004: 'AVX registers'
[    0.000000] x86/fpu: xstate_offset[2]:  576, xstate_sizes[2]:  256
[    0.000000] x86/fpu: Enabled xstate features 0x7, context size is 832 bytes, using 'standard' format.
[    0.000000] e820: BIOS-provided physical RAM map:
[    0.000000] BIOS-e820: [mem 0x0000000000000000-0x000000000009fbff] usable
[    0.000000] BIOS-e820: [mem 0x000000000009fc00-0x000000000009ffff] reserved
[    0.000000] BIOS-e820: [mem 0x00000000000f0000-0x00000000000fffff] reserved
[    0.000000] BIOS-e820: [mem 0x0000000000100000-0x000000003ffeffff] usable
[    0.000000] BIOS-e820: [mem 0x000000003fff0000-0x000000003fffffff] ACPI data
[    0.000000] BIOS-e820: [mem 0x00000000fec00000-0x00000000fec00fff] reserved
[    0.000000] BIOS-e820: [mem 0x00000000fee00000-0x00000000fee00fff] reserved
[    0.000000] BIOS-e820: [mem 0x00000000fffc0000-0x00000000ffffffff] reserved
[    0.000000] NX (Execute Disable) protection: active
[    0.000000] SMBIOS 2.5 present.
[    0.000000] DMI: innotek GmbH VirtualBox/VirtualBox, BIOS VirtualBox 12/01/2006
[    0.000000] Hypervisor detected: KVM
[    0.000000] e820: last_pfn = 0x3fff0 max_arch_pfn = 0x400000000
[    0.000000] MTRR: Disabled
[    0.000000] x86/PAT: MTRRs disabled, skipping PAT initialization too.
[    0.000000] CPU MTRRs all blank - virtualized system.
[    0.000000] x86/PAT: Configuration [0-7]: WB  WT  UC- UC  WB  WT  UC- UC  
[    0.000000] found SMP MP-table at [mem 0x0009fff0-0x0009ffff]
[    0.000000] Scanning 1 areas for low memory corruption
[    0.000000] RAMDISK: [mem 0x3581f000-0x36c06fff]
[    0.000000] ACPI: Early table checksum verification disabled
[    0.000000] ACPI: RSDP 0x00000000000E0000 000024 (v02 VBOX  )
[    0.000000] ACPI: XSDT 0x000000003FFF0030 00003C (v01 VBOX   VBOXXSDT 00000001 ASL  00000061)
[    0.000000] ACPI: FACP 0x000000003FFF00F0 0000F4 (v04 VBOX   VBOXFACP 00000001 ASL  00000061)
[    0.000000] ACPI: DSDT 0x000000003FFF0470 002325 (v02 VBOX   VBOXBIOS 00000002 INTL 20100528)
[    0.000000] ACPI: FACS 0x000000003FFF0200 000040
[    0.000000] ACPI: FACS 0x000000003FFF0200 000040
[    0.000000] ACPI: APIC 0x000000003FFF0240 00005C (v02 VBOX   VBOXAPIC 00000001 ASL  00000061)
[    0.000000] ACPI: SSDT 0x000000003FFF02A0 0001CC (v01 VBOX   VBOXCPUT 00000002 INTL 20100528)
[    0.000000] ACPI: Reserving FACP table memory at [mem 0x3fff00f0-0x3fff01e3]
[    0.000000] ACPI: Reserving DSDT table memory at [mem 0x3fff0470-0x3fff2794]
[    0.000000] ACPI: Reserving FACS table memory at [mem 0x3fff0200-0x3fff023f]
[    0.000000] ACPI: Reserving FACS table memory at [mem 0x3fff0200-0x3fff023f]
[    0.000000] ACPI: Reserving APIC table memory at [mem 0x3fff0240-0x3fff029b]
[    0.000000] ACPI: Reserving SSDT table memory at [mem 0x3fff02a0-0x3fff046b]
[    0.000000] No NUMA configuration found
[    0.000000] Faking a node at [mem 0x0000000000000000-0x000000003ffeffff]
[    0.000000] NODE_DATA(0) allocated [mem 0x3ffc5000-0x3ffeffff]
[    0.000000] kvm-clock: cpu 0, msr 0:3ff44001, primary cpu clock
[    0.000000] kvm-clock: Using msrs 4b564d01 and 4b564d00
[    0.000000] kvm-clock: using sched offset of 10105455125 cycles
[    0.000000] clocksource: kvm-clock: mask: 0xffffffffffffffff max_cycles: 0x1cd42e4dffb, max_idle_ns: 881590591483 ns
[    0.000000] Zone ranges:
[    0.000000]   DMA      [mem 0x0000000000001000-0x0000000000ffffff]
[    0.000000]   DMA32    [mem 0x0000000001000000-0x000000003ffeffff]
[    0.000000]   Normal   empty
[    0.000000]   Device   empty
[    0.000000] Movable zone start for each node
[    0.000000] Early memory node ranges
[    0.000000]   node   0: [mem 0x0000000000001000-0x000000000009efff]
[    0.000000]   node   0: [mem 0x0000000000100000-0x000000003ffeffff]
[    0.000000] Reserved but unavailable: 104 pages
[    0.000000] Initmem setup node 0 [mem 0x0000000000001000-0x000000003ffeffff]
[    0.000000] ACPI: PM-Timer IO Port: 0x4008
[    0.000000] IOAPIC[0]: apic_id 2, version 32, address 0xfec00000, GSI 0-23
[    0.000000] ACPI: INT_SRC_OVR (bus 0 bus_irq 0 global_irq 2 dfl dfl)
[    0.000000] ACPI: INT_SRC_OVR (bus 0 bus_irq 9 global_irq 9 low level)
[    0.000000] Using ACPI (MADT) for SMP configuration information
[    0.000000] smpboot: Allowing 2 CPUs, 0 hotplug CPUs
[    0.000000] PM: Registered nosave memory: [mem 0x00000000-0x00000fff]
[    0.000000] PM: Registered nosave memory: [mem 0x0009f000-0x0009ffff]
[    0.000000] PM: Registered nosave memory: [mem 0x000a0000-0x000effff]
[    0.000000] PM: Registered nosave memory: [mem 0x000f0000-0x000fffff]
[    0.000000] e820: [mem 0x40000000-0xfebfffff] available for PCI devices
[    0.000000] Booting paravirtualized kernel on KVM
[    0.000000] clocksource: refined-jiffies: mask: 0xffffffff max_cycles: 0xffffffff, max_idle_ns: 7645519600211568 ns
[    0.000000] random: get_random_bytes called from start_kernel+0x99/0x500 with crng_init=0
[    0.000000] setup_percpu: NR_CPUS:8192 nr_cpumask_bits:2 nr_cpu_ids:2 nr_node_ids:1
[    0.000000] percpu: Embedded 45 pages/cpu s147456 r8192 d28672 u1048576
[    0.000000] PV qspinlock hash table entries: 256 (order: 0, 4096 bytes)
[    0.000000] Built 1 zonelists, mobility grouping on.  Total pages: 257913
[    0.000000] Policy zone: DMA32
[    0.000000] Kernel command line: BOOT_IMAGE=/boot/vmlinuz-4.15.0-161-generic root=UUID=b4821a18-e421-4128-97a6-636c3c3a9a1c ro console=tty1 console=ttyS0
[    0.000000] Memory: 981852K/1048120K available (12300K kernel code, 2483K rwdata, 4320K rodata, 2448K init, 2724K bss, 66268K reserved, 0K cma-reserved)
[    0.000000] SLUB: HWalign=64, Order=0-3, MinObjects=0, CPUs=2, Nodes=1
[    0.000000] ftrace: allocating 39475 entries in 155 pages
[    0.004000] Hierarchical RCU implementation.
[    0.004000] 	RCU restricting CPUs from NR_CPUS=8192 to nr_cpu_ids=2.
[    0.004000] 	Tasks RCU enabled.
[    0.004000] RCU: Adjusting geometry for rcu_fanout_leaf=16, nr_cpu_ids=2
[    0.004000] NR_IRQS: 524544, nr_irqs: 440, preallocated irqs: 16
[    0.004000] Console: colour VGA+ 80x25
[    0.004000] console [tty1] enabled
[    0.004000] console [ttyS0] enabled
[    0.004000] ACPI: Core revision 20170831
[    0.004000] ACPI: 2 ACPI AML tables successfully acquired and loaded
[    0.004000] APIC: Switch to symmetric I/O mode setup
[    0.004000] x2apic enabled
[    0.004000] Switched APIC routing to physical x2apic.
[    0.004000] ..TIMER: vector=0x30 apic1=0 pin1=2 apic2=-1 pin2=-1
[    0.004000] tsc: Detected 1996.260 MHz processor
[    0.004000] Calibrating delay loop (skipped) preset value.. 3992.52 BogoMIPS (lpj=7985040)
[    0.004000] pid_max: default: 32768 minimum: 301
[    0.004000] Security Framework initialized
[    0.004000] Yama: becoming mindful.
[    0.004000] AppArmor: AppArmor initialized
[    0.004000] Dentry cache hash table entries: 131072 (order: 8, 1048576 bytes)
[    0.004000] Inode-cache hash table entries: 65536 (order: 7, 524288 bytes)
[    0.004000] Mount-cache hash table entries: 2048 (order: 2, 16384 bytes)
[    0.004000] Mountpoint-cache hash table entries: 2048 (order: 2, 16384 bytes)
[    0.004000] BIOS may not properly restore RDRAND after suspend, but hypervisor does not support hiding RDRAND via CPUID.
[    0.004263] Last level iTLB entries: 4KB 512, 2MB 8, 4MB 4
[    0.008019] Last level dTLB entries: 4KB 512, 2MB 256, 4MB 128, 1GB 0
[    0.012021] Spectre V1 : Mitigation: usercopy/swapgs barriers and __user pointer sanitization
[    0.016018] Spectre V2 : Spectre mitigation: LFENCE not serializing, switching to generic retpoline
[    0.020019] Spectre V2 : Mitigation: Full generic retpoline
[    0.024018] Spectre V2 : Spectre v2 / SpectreRSB mitigation: Filling RSB on context switch
[    0.028021] Speculative Store Bypass: Mitigation: Speculative Store Bypass disabled via prctl and seccomp
[    0.032613] Freeing SMP alternatives memory: 36K
[    0.162768] APIC calibration not consistent with PM-Timer: 110ms instead of 100ms
[    0.164000] APIC delta adjusted to PM-Timer: 6360763 (7058672)
[    0.164156] smpboot: CPU0: AMD PRO A4-3350B APU with Radeon R4 Graphics (family: 0x16, model: 0x30, stepping: 0x1)
[    0.168230] Performance Events: PMU not available due to virtualization, using software events only.
[    0.172139] Hierarchical SRCU implementation.
[    0.176939] NMI watchdog: Perf event create on CPU 0 failed with -2
[    0.179608] NMI watchdog: Perf NMI watchdog permanently disabled
[    0.180206] smp: Bringing up secondary CPUs ...
[    0.182393] x86: Booting SMP configuration:
[    0.184008] .... node  #0, CPUs:      #1
[    0.004000] kvm-clock: cpu 1, msr 0:3ff44041, secondary cpu clock
[    0.196079] smp: Brought up 1 node, 2 CPUs
[    0.197800] smpboot: Max logical packages: 1
[    0.199839] smpboot: Total of 2 processors activated (7985.04 BogoMIPS)
[    0.204081] devtmpfs: initialized
[    0.205659] x86/mm: Memory block size: 128MB
[    0.208369] evm: security.selinux
[    0.209838] evm: security.SMACK64
[    0.212007] evm: security.SMACK64EXEC
[    0.213610] evm: security.SMACK64TRANSMUTE
[    0.216005] evm: security.SMACK64MMAP
[    0.217803] evm: security.apparmor
[    0.220025] evm: security.ima
[    0.221670] evm: security.capability
[    0.224206] clocksource: jiffies: mask: 0xffffffff max_cycles: 0xffffffff, max_idle_ns: 7645041785100000 ns
[    0.228072] futex hash table entries: 512 (order: 3, 32768 bytes)
[    0.236102] pinctrl core: initialized pinctrl subsystem
[    0.240087] RTC time:  6:54:04, date: 10/22/21
[    0.243101] NET: Registered protocol family 16
[    0.248292] audit: initializing netlink subsys (disabled)
[    0.252367] audit: type=2000 audit(1634885656.612:1): state=initialized audit_enabled=0 res=1
[    0.256010] cpuidle: using governor ladder
[    0.260124] cpuidle: using governor menu
[    0.264155] ACPI: bus type PCI registered
[    0.266061] acpiphp: ACPI Hot Plug PCI Controller Driver version: 0.5
[    0.268345] PCI: Using configuration type 1 for base access
[    0.272005] PCI: Using configuration type 1 for extended access
[    0.280090] HugeTLB registered 2.00 MiB page size, pre-allocated 0 pages
[    0.284192] ACPI: Added _OSI(Module Device)
[    0.286033] ACPI: Added _OSI(Processor Device)
[    0.288058] ACPI: Added _OSI(3.0 _SCP Extensions)
[    0.292026] ACPI: Added _OSI(Processor Aggregator Device)
[    0.294416] ACPI: Added _OSI(Linux-Dell-Video)
[    0.296008] ACPI: Added _OSI(Linux-Lenovo-NV-HDMI-Audio)
[    0.298219] ACPI: Added _OSI(Linux-HPI-Hybrid-Graphics)
[    0.300723] ACPI: Executed 1 blocks of module-level executable AML code
[    0.309567] ACPI: Interpreter enabled
[    0.311500] ACPI: (supports S0 S5)
[    0.316009] ACPI: Using IOAPIC for interrupt routing
[    0.318946] PCI: Using host bridge windows from ACPI; if necessary, use "pci=nocrs" and report a bug
[    0.320498] ACPI: Enabled 2 GPEs in block 00 to 07
[    0.339655] ACPI: PCI Root Bridge [PCI0] (domain 0000 [bus 00-ff])
[    0.344026] acpi PNP0A03:00: _OSC: OS supports [ExtendedConfig ASPM ClockPM Segments MSI]
[    0.349042] acpi PNP0A03:00: _OSC: platform does not support [PCIeCapability]
[    0.353446] acpi PNP0A03:00: _OSC: not requesting control; platform does not support [PCIeCapability]
[    0.360018] acpi PNP0A03:00: _OSC: OS requested [PCIeHotplug PME AER PCIeCapability]
[    0.363407] acpi PNP0A03:00: _OSC: platform willing to grant [PCIeHotplug PME AER]
[    0.364021] acpi PNP0A03:00: _OSC failed (AE_SUPPORT); disabling ASPM
[    0.368078] PCI host bridge to bus 0000:00
[    0.370009] pci_bus 0000:00: root bus resource [io  0x0000-0x0cf7 window]
[    0.376016] pci_bus 0000:00: root bus resource [io  0x0d00-0xffff window]
[    0.380013] pci_bus 0000:00: root bus resource [mem 0x000a0000-0x000bffff window]
[    0.383562] pci_bus 0000:00: root bus resource [mem 0x40000000-0xfdffffff window]
[    0.384030] pci_bus 0000:00: root bus resource [bus 00-ff]
[    0.391627] pci 0000:00:01.1: legacy IDE quirk: reg 0x10: [io  0x01f0-0x01f7]
[    0.396009] pci 0000:00:01.1: legacy IDE quirk: reg 0x14: [io  0x03f6]
[    0.400051] pci 0000:00:01.1: legacy IDE quirk: reg 0x18: [io  0x0170-0x0177]
[    0.404019] pci 0000:00:01.1: legacy IDE quirk: reg 0x1c: [io  0x0376]
[    0.458883] pci 0000:00:07.0: quirk: [io  0x4000-0x403f] claimed by PIIX4 ACPI
[    0.464056] pci 0000:00:07.0: quirk: [io  0x4100-0x410f] claimed by PIIX4 SMB
[    0.492539] ACPI: PCI Interrupt Link [LNKA] (IRQs 5 9 10 *11)
[    0.497249] ACPI: PCI Interrupt Link [LNKB] (IRQs 5 9 *10 11)
[    0.504440] ACPI: PCI Interrupt Link [LNKC] (IRQs 5 *9 10 11)
[    0.508506] ACPI: PCI Interrupt Link [LNKD] (IRQs 5 9 10 *11)
[    0.513273] SCSI subsystem initialized
[    0.516195] pci 0000:00:02.0: vgaarb: setting as boot VGA device
[    0.519205] pci 0000:00:02.0: vgaarb: VGA device added: decodes=io+mem,owns=io+mem,locks=none
[    0.528027] pci 0000:00:02.0: vgaarb: bridge control possible
[    0.532024] vgaarb: loaded
[    0.536139] ACPI: bus type USB registered
[    0.538360] usbcore: registered new interface driver usbfs
[    0.540034] usbcore: registered new interface driver hub
[    0.544041] usbcore: registered new device driver usb
[    0.548132] EDAC MC: Ver: 3.0.0
[    0.552131] PCI: Using ACPI for IRQ routing
[    0.555272] NetLabel: Initializing
[    0.556010] NetLabel:  domain hash size = 128
[    0.558245] NetLabel:  protocols = UNLABELED CIPSOv4 CALIPSO
[    0.560046] NetLabel:  unlabeled traffic allowed by default
[    0.564227] clocksource: Switched to clocksource kvm-clock
[    0.612022] VFS: Disk quotas dquot_6.6.0
[    0.614010] VFS: Dquot-cache hash table entries: 512 (order 0, 4096 bytes)
[    0.617901] AppArmor: AppArmor Filesystem Enabled
[    0.620136] pnp: PnP ACPI init
[    0.624462] pnp: PnP ACPI: found 3 devices
[    0.642058] clocksource: acpi_pm: mask: 0xffffff max_cycles: 0xffffff, max_idle_ns: 2085701024 ns
[    0.646298] NET: Registered protocol family 2
[    0.654830] IP idents hash table entries: 16384 (order: 5, 131072 bytes)
[    0.658445] TCP established hash table entries: 8192 (order: 4, 65536 bytes)
[    0.661714] TCP bind hash table entries: 8192 (order: 5, 131072 bytes)
[    0.664982] TCP: Hash tables configured (established 8192 bind 8192)
[    0.668134] UDP hash table entries: 512 (order: 2, 16384 bytes)
[    0.671072] UDP-Lite hash table entries: 512 (order: 2, 16384 bytes)
[    0.673988] NET: Registered protocol family 1
[    0.676087] pci 0000:00:00.0: Limiting direct PCI/PCI transfers
[    0.678859] pci 0000:00:01.0: Activating ISA DMA hang workarounds
[    0.682404] pci 0000:00:02.0: Video device with shadowed ROM at [mem 0x000c0000-0x000dffff]
[    0.686757] Unpacking initramfs...
[    1.380957] Freeing initrd memory: 20384K
[    1.383603] clocksource: tsc: mask: 0xffffffffffffffff max_cycles: 0x398cc2dfcb5, max_idle_ns: 881590752529 ns
[    1.388138] platform rtc_cmos: registered platform RTC device (no PNP device found)
[    1.391773] Scanning for low memory corruption every 60 seconds
[    1.396523] Initialise system trusted keyrings
[    1.400261] Key type blacklist registered
[    1.402739] workingset: timestamp_bits=36 max_order=18 bucket_order=0
[    1.408463] zbud: loaded
[    1.410817] squashfs: version 4.0 (2009/01/31) Phillip Lougher
[    1.414103] fuse init (API version 7.26)
[    1.425443] Key type asymmetric registered
[    1.427377] Asymmetric key parser 'x509 registered
[    1.499243] Block layer SCSI generic (bsg) driver version 0.4 loaded (major 246)
[    1.502981] io scheduler noop registered
[    1.504649] io scheduler deadline registered
[    1.506521] io scheduler cfq registered (default)
[    1.509378] ACPI: AC Adapter [AC] (on-line)
[    1.511251] input: Power Button as /devices/LNXSYSTM:00/LNXPWRBN:00/input/input0
[    1.514761] ACPI: Power Button [PWRF]
[    1.516880] input: Sleep Button as /devices/LNXSYSTM:00/LNXSLPBN:00/input/input1
[    1.519903] ACPI: Sleep Button [SLPF]
[    1.522236] Serial: 8250/16550 driver, 32 ports, IRQ sharing enabled
[    1.524424] ACPI: Battery Slot [BAT0] (battery present)
[    1.549146] 00:02: ttyS0 at I/O 0x3f8 (irq = 4, base_baud = 115200) is a 16550A
[    1.559765] Linux agpgart interface v0.103
[    1.565928] loop: module loaded
[    1.569134] scsi host0: ata_piix
[    1.571530] scsi host1: ata_piix
[    1.573363] ata1: PATA max UDMA/33 cmd 0x1f0 ctl 0x3f6 bmdma 0xd000 irq 14
[    1.576410] ata2: PATA max UDMA/33 cmd 0x170 ctl 0x376 bmdma 0xd008 irq 15
[    1.580117] libphy: Fixed MDIO Bus: probed
[    1.582501] tun: Universal TUN/TAP device driver, 1.6
[    1.585035] PPP generic driver version 2.4.2
[    1.587660] ehci_hcd: USB 2.0 'Enhanced' Host Controller (EHCI) Driver
[    1.590896] ehci-pci: EHCI PCI platform driver
[    1.593453] ehci-platform: EHCI generic platform driver
[    1.596327] ohci_hcd: USB 1.1 'Open' Host Controller (OHCI) Driver
[    1.600876] ohci-pci: OHCI PCI platform driver
[    1.603613] ohci-platform: OHCI generic platform driver
[    1.606366] uhci_hcd: USB Universal Host Controller Interface driver
[    1.609790] i8042: PNP: PS/2 Controller [PNP0303:PS2K,PNP0f03:PS2M] at 0x60,0x64 irq 1,12
[    1.615991] serio: i8042 KBD port at 0x60,0x64 irq 1
[    1.619129] serio: i8042 AUX port at 0x60,0x64 irq 12
[    1.622182] mousedev: PS/2 mouse device common for all mice
[    1.662809] input: AT Translated Set 2 keyboard as /devices/platform/i8042/serio0/input/input2
[    1.663381] rtc_cmos rtc_cmos: rtc core: registered rtc_cmos as rtc0
[    1.670434] rtc_cmos rtc_cmos: alarms up to one day, 114 bytes nvram
[    1.673841] i2c /dev entries driver
[    1.675894] device-mapper: uevent: version 1.0.3
[    1.678630] device-mapper: ioctl: 4.37.0-ioctl (2017-09-20) initialised: dm-devel@redhat.com
[    1.683905] ledtrig-cpu: registered to indicate activity on CPUs
[    1.687216] x86/pm: family 0x16 cpu detected, MSR saving is needed during suspending.
[    1.690980] NET: Registered protocol family 10
[    1.705586] Segment Routing with IPv6
[    1.707734] NET: Registered protocol family 17
[    1.710414] Key type dns_resolver registered
[    1.713328] mce: Using 0 MCE banks
[    1.715506] RAS: Correctable Errors collector initialized.
[    1.718091] sched_clock: Marking stable (1717997433, 0)->(2223089091, -505091658)
[    1.722551] registered taskstats version 1
[    1.724839] Loading compiled-in X.509 certificates
[    1.733971] Loaded X.509 cert 'Build time autogenerated kernel key: 1542c441293f32312405dc023a70312e7f0d3f0a'
[    1.750589] Loaded X.509 cert 'Canonical Ltd. Live Patch Signing: 14df34d1a87cf37625abec039ef2bf521249b969'
[    1.757486] Loaded X.509 cert 'Canonical Ltd. Kernel Module Signing: 88f752e560a1e0737e31163a466ad7b70a850c19'
[    1.762068] zswap: loaded using pool lzo/zbud
[    1.776735] Key type big_key registered
[    1.778809] Key type trusted registered
[    1.786841] Key type encrypted registered
[    1.789093] AppArmor: AppArmor sha1 policy hashing enabled
[    1.791655] ima: No TPM chip found, activating TPM-bypass! (rc=-19)
[    1.794562] ima: Allocated hash algorithm: sha1
[    1.796770] evm: HMAC attrs: 0x1
[    1.799601]   Magic number: 9:204:924
[    1.801898] rtc_cmos rtc_cmos: setting system clock to 2021-10-22 06:54:06 UTC (1634885646)
[    1.806688] BIOS EDD facility v0.16 2004-Jun-25, 0 devices found
[    1.810111] EDD information not available.
[    1.818785] Freeing unused kernel image memory: 2448K
[    1.836242] Write protecting the kernel read-only data: 20480k
[    1.840357] Freeing unused kernel image memory: 2008K
[    1.844047] Freeing unused kernel image memory: 1824K
[    1.862631] x86/mm: Checked W+X mappings: passed, no W+X pages found.
Loading, please wait...
starting version 237
[    2.050225] e1000: Intel(R) PRO/1000 Network Driver - version 7.3.21-k8-NAPI
[    2.053446] e1000: Copyright (c) 1999-2006 Intel Corporation.
[    2.062242] Fusion MPT base driver 3.04.20
[    2.067169] Copyright (c) 1999-2008 LSI Corporation
[    2.180907] AVX version of gcm_enc/dec engaged.
[    2.185031] AES CTR mode by8 optimization enabled
[    2.194297] Fusion MPT SPI Host driver 3.04.20
[    2.288453] input: ImExPS/2 Generic Explorer Mouse as /devices/platform/i8042/serio1/input/input4
[    2.754257] e1000 0000:00:03.0 eth0: (PCI:33MHz:32-bit) 02:2f:77:f1:0c:e0
[    2.757557] e1000 0000:00:03.0 eth0: Intel(R) PRO/1000 Network Connection
[    2.763868] mptbase: ioc0: Initiating bringup
[    2.766558] e1000 0000:00:03.0 enp0s3: renamed from eth0
[    2.877369] ioc0: LSI53C1030 A0: Capabilities={Initiator}
[    3.127728] scsi host2: ioc0: LSI53C1030 A0, FwRev=00000000h, Ports=1, MaxQ=256, IRQ=20
[    3.515442] scsi 2:0:0:0: Direct-Access     VBOX     HARDDISK         1.0  PQ: 0 ANSI: 5
[    3.560049] scsi target2:0:0: Beginning Domain Validation
[    3.571068] scsi target2:0:0: Domain Validation skipping write tests
[    3.575944] scsi target2:0:0: Ending Domain Validation
[    3.581017] scsi target2:0:0: asynchronous
[    3.585386] scsi 2:0:1:0: Direct-Access     VBOX     HARDDISK         1.0  PQ: 0 ANSI: 5
[    3.940961] scsi target2:0:1: Beginning Domain Validation
[    3.945514] random: fast init done
[    3.949839] scsi target2:0:1: Domain Validation skipping write tests
[    3.953821] scsi target2:0:1: Ending Domain Validation
[    3.957064] scsi target2:0:1: asynchronous
[    3.969064] random: systemd-udevd: uninitialized urandom read (16 bytes read)
[    3.972448] random: systemd-udevd: uninitialized urandom read (16 bytes read)
[    3.972510] sd 2:0:0:0: Attached scsi generic sg0 type 0
[    3.975572] random: systemd-udevd: uninitialized urandom read (16 bytes read)
[    3.978401] sd 2:0:0:0: [sda] 83886080 512-byte logical blocks: (42.9 GB/40.0 GiB)
[    3.982741] sd 2:0:1:0: Attached scsi generic sg1 type 0
[    3.985351] sd 2:0:0:0: [sda] Write Protect is off
[    3.989437] sd 2:0:1:0: [sdb] 20480 512-byte logical blocks: (10.5 MB/10.0 MiB)
[    3.989579] sd 2:0:0:0: [sda] Incomplete mode parameter data
[    3.994912] sd 2:0:0:0: [sda] Assuming drive cache: write through
[    3.994966] sd 2:0:1:0: [sdb] Write Protect is off
[    4.001856] sd 2:0:1:0: [sdb] Incomplete mode parameter data
[    4.004311] sd 2:0:1:0: [sdb] Assuming drive cache: write through
[    4.041004]  sda: sda1
[    4.043479] sd 2:0:0:0: [sda] Attached SCSI disk
[    4.074111] sd 2:0:1:0: [sdb] Attached SCSI disk
Begin: Loading essential drivers ... [    6.452431] raid6: sse2x1   gen()  3153 MB/s
[    6.500276] raid6: sse2x1   xor()  2068 MB/s
[    6.548372] raid6: sse2x2   gen()  1228 MB/s
[    6.598085] raid6: sse2x2   xor()  2985 MB/s
[    6.648330] raid6: sse2x4   gen()  1295 MB/s
[    6.697703] raid6: sse2x4   xor()  1415 MB/s
[    6.699906] raid6: using algorithm sse2x1 gen() 3153 MB/s
[    6.702234] raid6: .... xor() 2068 MB/s, rmw enabled
[    6.704478] raid6: using ssse3x2 recovery algorithm
[    6.709276] xor: automatically using best checksumming function   avx       
[    6.715173] async_tx: api initialized (async)
done.
Begin: Running /scripts/init-premount ... done.
Begin: Mounting root file system ... Begin: Running /scripts/local-top ... done.
Begin: Running /scripts/local-premount ... [    6.827068] Btrfs loaded, crc32c=crc32c-intel
Scanning for Btrfs filesystems
done.
Begin: Will now check root file system ... fsck from util-linux 2.31.1
[/sbin/fsck.ext4 (1) -- /dev/sda1] fsck.ext4 -a -C0 /dev/sda1 
cloudimg-rootfs: recovering journal
cloudimg-rootfs: Clearing orphaned inode 28176 (uid=0, gid=0, mode=0100600, size=0)
cloudimg-rootfs: clean, 107110/5120000 files, 733231/10485499 blocks
done.
[   22.674887] EXT4-fs (sda1): mounted filesystem with ordered data mode. Opts: (null)
done.
Begin: Running /scripts/local-bottom ... done.
Begin: Running /scripts/init-bottom ... [   22.936944] random: crng init done
[   22.939063] random: 7 urandom warning(s) missed due to ratelimiting
done.
[   27.212404] ip_tables: (C) 2000-2006 Netfilter Core Team
[   27.498798] systemd[1]: systemd 237 running in system mode. (+PAM +AUDIT +SELINUX +IMA +APPARMOR +SMACK +SYSVINIT +UTMP +LIBCRYPTSETUP +GCRYPT +GNUTLS +ACL +XZ +LZ4 +SECCOMP +BLKID +ELFUTILS +KMOD -IDN2 +IDN -PCRE2 default-hierarchy=hybrid)
[   27.518430] systemd[1]: Detected virtualization oracle.
[   27.523589] systemd[1]: Detected architecture x86-64.

Welcome to [1mUbuntu 18.04.6 LTS[0m!

[   27.601390] systemd[1]: Set hostname to <ubuntu-bionic>.
[   30.985820] systemd[1]: Reached target System Time Synchronized.
[[0;32m  OK  [0m] Reached target System Time Synchronized.
[   30.992006] systemd[1]: Set up automount Arbitrary Executable File Formats File System Automount Point.
[[0;32m  OK  [0m] Set up automount Arbitrary Executab…rmats File System Automount Point.
[   31.007426] systemd[1]: Created slice User and Session Slice.
[[0;32m  OK  [0m] Created slice User and Session Slice.
[   31.013609] systemd[1]: Reached target User and Group Name Lookups.
[[0;32m  OK  [0m] Reached target User and Group Name Lookups.
[   31.019015] systemd[1]: Started Forward Password Requests to Wall Directory Watch.
[[0;32m  OK  [0m] Started Forward Password Requests to Wall Directory Watch.
[   31.036886] systemd[1]: Reached target Swap.
[[0;32m  OK  [0m] Reached target Swap.
[[0;32m  OK  [0m] Created slice System Slice.
[[0;32m  OK  [0m] Listening on udev Control Socket.
[[0;32m  OK  [0m] Listening on Journal Socket (/dev/log).
[[0;32m  OK  [0m] Listening on LVM2 metadata daemon socket.
[[0;32m  OK  [0m] Listening on udev Kernel Socket.
[[0;32m  OK  [0m] Listening on Journal Socket.
         Starting Set the console keyboard layout...
         Starting Load Kernel Modules...
         Mounting Huge Pages File System...
[[0;32m  OK  [0m] Listening on LVM2 poll daemon socket.
[[0;32m  OK  [0m] Created slice system-serial\x2dgetty.slice.
         Mounting Kernel Debug File System...
[[0;32m  OK  [0m] Listening on Journal Audit Socket.
         Starting Create list of required st…ce nodes for the current kernel...
         Mounting POSIX Message Queue File System...
         Starting Uncomplicated firewall...
[[0;32m  OK  [0m] Listening on fsck to fsckd communication Socket.
         Starting Remount Root and Kernel File Systems...
         Starting udev Coldplug all Devices...
[[0;32m  OK  [0m] Listening on /dev/initctl Compatibility Named Pipe.
[[0;32m  OK  [0m] Listening on Device-mapper event daemon FIFOs.
         Starting Monitoring of LVM2 mirrors…ng dmeventd or progress polling...
[[0;32m  OK  [0m] Listening on Syslog Socket.
         Starting Journal Service...
[[0;32m  OK  [0m] Reached target Slices.
[[0;32m  OK  [0m] Listening on Network Service Netlink Socket.
[[0;32m  OK  [0m] Started Create list of required sta…vice nodes for the current kernel.
         Starting Create Static Device Nodes in /dev...
[[0;32m  OK  [0m] Started udev Coldplug all Devices.
[[0;32m  OK  [0m] Started Uncomplicated firewall.
[[0;32m  OK  [0m] Mounted Huge Pages File System.
[[0;32m  OK  [0m] Mounted Kernel Debug File System.
[[0;32m  OK  [0m] Mounted POSIX Message Queue File System.
[   31.735276] Loading iSCSI transport class v2.0-870.
[[0;32m  OK  [0m] Started Journal Service.
[   31.992353] EXT4-fs (sda1): re-mounted. Opts: (null)
[[0;32m  OK  [0m] Started Remount Root and Kernel File Systems.
         Starting Load/Save Random Seed...
         Starting Flush Journal to Persistent Storage...
[[0;32m  OK  [0m] Started Set the console keyboard layout.
[   32.868678] iscsi: registered transport (tcp)
[[0;32m  OK  [0m] Started Create Static Device Nodes in /dev.
         Starting udev Kernel Device Manager...
[   33.202208] systemd-journald[420]: Received request to flush runtime journal from PID 1
[[0;32m  OK  [0m] Started Load/Save Random Seed.
[[0;32m  OK  [0m] Started LVM2 metadata daemon.
[   34.406974] iscsi: registered transport (iser)
[[0;32m  OK  [0m] Started Load Kernel Modules.
         Starting Apply Kernel Variables...
         Mounting Kernel Configuration File System...
         Mounting FUSE Control File System...
[[0;32m  OK  [0m] Mounted Kernel Configuration File System.
[[0;32m  OK  [0m] Mounted FUSE Control File System.
[   34.526036] systemd-journald[420]: File /var/log/journal/9bedc0f1e1da446b8702925fa02017ee/system.journal corrupted or uncleanly shut down, renaming and replacing.
[[0;32m  OK  [0m] Started Monitoring of LVM2 mirrors,…sing dmeventd or progress polling.
[[0;32m  OK  [0m] Reached target Local File Systems (Pre).
[[0;32m  OK  [0m] Reached target Local File Systems.
         Starting ebtables ruleset management...
         Starting Set console font and keymap...
         Starting AppArmor initialization...
         Starting Tell Plymouth To Write Out Runtime Data...
[[0;32m  OK  [0m] Started Set console font and keymap.
[[0;32m  OK  [0m] Started Tell Plymouth To Write Out Runtime Data.
[[0;32m  OK  [0m] Started udev Kernel Device Manager.
[[0;32m  OK  [0m] Started Dispatch Password Requests to Console Directory Watch.
[[0;32m  OK  [0m] Reached target Local Encrypted Volumes.
[[0;32m  OK  [0m] Started Apply Kernel Variables.
[[0;32m  OK  [0m] Started Flush Journal to Persistent Storage.
         Starting Create Volatile Files and Directories...
[[0;32m  OK  [0m] Started Create Volatile Files and Directories.
[[0;32m  OK  [0m] Found device /dev/ttyS0.
         Starting Update UTMP about System Boot/Shutdown...
[[0;32m  OK  [0m] Started Update UTMP about System Boot/Shutdown.
[[0;32m  OK  [0m] Started ebtables ruleset management.
[[0;32m  OK  [0m] Listening on Load/Save RF Kill Switch Status /dev/rfkill Watch.
[[0;32m  OK  [0m] Started AppArmor initialization.
         Starting Initial cloud-init job (pre-networking)...
         Starting Load AppArmor profiles managed internally by snapd...
[[0;32m  OK  [0m] Started Load AppArmor profiles managed internally by snapd.
[   51.745033] cloud-init[558]: Cloud-init v. 21.2-3-g899bfaa9-0ubuntu2~18.04.1 running 'init-local' at Fri, 22 Oct 2021 06:54:55 +0000. Up 50.31 seconds.
[[0;32m  OK  [0m] Started Initial cloud-init job (pre-networking).
[[0;32m  OK  [0m] Reached target Network (Pre).
         Starting Network Service...
[[0;32m  OK  [0m] Started Network Service.
         Starting Wait for Network to be Configured...
         Starting Network Name Resolution...
[[0;32m  OK  [0m] Started Network Name Resolution.
[[0;32m  OK  [0m] Reached target Host and Network Name Lookups.
[[0;32m  OK  [0m] Reached target Network.
[[0;32m  OK  [0m] Started Wait for Network to be Configured.
         Starting Initial cloud-init job (metadata service crawler)...
[   55.794010] cloud-init[673]: Cloud-init v. 21.2-3-g899bfaa9-0ubuntu2~18.04.1 running 'init' at Fri, 22 Oct 2021 06:54:59 +0000. Up 55.18 seconds.
[   55.798390] cloud-init[673]: ci-info: +++++++++++++++++++++++++++++++++++++Net device info++++++++++++++++++++++++++++++++++++++
[   55.802832] cloud-init[673]: ci-info: +--------+------+---------------------------+---------------+--------+-------------------+
[   55.807293] cloud-init[673]: ci-info: | Device |  Up  |          Address          |      Mask     | Scope  |     Hw-Address    |
[   55.811099] cloud-init[673]: ci-info: +--------+------+---------------------------+---------------+--------+-------------------+
[   55.814889] cloud-init[673]: ci-info: | enp0s3 | True |         10.0.2.15         | 255.255.255.0 | global | 02:2f:77:f1:0c:e0 |
[   55.819205] cloud-init[673]: ci-info: | enp0s3 | True | fe80::2f:77ff:fef1:ce0/64 |       .       |  link  | 02:2f:77:f1:0c:e0 |
[   55.824035] cloud-init[673]: ci-info: |   lo   | True |         127.0.0.1         |   255.0.0.0   |  host  |         .         |
[   55.828588] cloud-init[673]: ci-info: |   lo   | True |          ::1/128          |       .       |  host  |         .         |
[   55.833413] cloud-init[673]: ci-info: +--------+------+---------------------------+---------------+--------+-------------------+
[   55.838703] cloud-init[673]: ci-info: ++++++++++++++++++++++++++++Route IPv4 info+++++++++++++++++++++++++++++
[   55.842950] cloud-init[673]: ci-info: +-------+-------------+----------+-----------------+-----------+-------+
[   55.847176] cloud-init[673]: ci-info: | Route | Destination | Gateway  |     Genmask     | Interface | Flags |
[   55.851633] cloud-init[673]: ci-info: +-------+-------------+----------+-----------------+-----------+-------+
[   55.868953] cloud-init[673]: ci-info: |   0   |   0.0.0.0   | 10.0.2.2 |     0.0.0.0     |   enp0s3  |   UG  |
[   55.873350] cloud-init[673]: ci-info: |   1   |   10.0.2.0  | 0.0.0.0  |  255.255.255.0  |   enp0s3  |   U   |
[   55.877912] cloud-init[673]: ci-info: |   2   |   10.0.2.2  | 0.0.0.0  | 255.255.255.255 |   enp0s3  |   UH  |
[   55.882376] cloud-init[673]: ci-info: +-------+-------------+----------+-----------------+-----------+-------+
[   55.886355] cloud-init[673]: ci-info: +++++++++++++++++++Route IPv6 info+++++++++++++++++++
[   55.892357] cloud-init[673]: ci-info: +-------+-------------+---------+-----------+-------+
[   55.896204] cloud-init[673]: ci-info: | Route | Destination | Gateway | Interface | Flags |
[   55.903830] cloud-init[673]: ci-info: +-------+-------------+---------+-----------+-------+
[   55.910082] cloud-init[673]: ci-info: |   1   |  fe80::/64  |    ::   |   enp0s3  |   U   |
[   55.914071] cloud-init[673]: ci-info: |   3   |    local    |    ::   |   enp0s3  |   U   |
[   55.917580] cloud-init[673]: ci-info: |   4   |   ff00::/8  |    ::   |   enp0s3  |   U   |
[   55.921371] cloud-init[673]: ci-info: +-------+-------------+---------+-----------+-------+
[[0;32m  OK  [0m] Started Initial cloud-init job (metadata service crawler).
[[0;32m  OK  [0m] Reached target Network is Online.
[[0;32m  OK  [0m] Reached target Remote File Systems (Pre).
         Mounting /vagrant...
         Starting Availability of block devices...
[[0;32m  OK  [0m] Reached target Cloud-config availability.
[[0;32m  OK  [0m] Reached target System Initialization.
[[0;32m  OK  [0m] Started Discard unused blocks once a week.
[[0;32m  OK  [0m] Listening on D-Bus System Message Bus Socket.
         Starting LXD - unix socket.
[[0;32m  OK  [0m] Started Daily apt upgrade and clean activities.
[[0;32m  OK  [0m] Listening on ACPID Listen Socket.
[[0;32m  OK  [0m] Started Message of the Day.
[[0;32m  OK  [0m] Listening on Open-iSCSI iscsid Socket.
[[0;32m  OK  [0m] Listening on UUID daemon activation socket.
[[0;32m  OK  [0m] Started Daily Cleanup of Temporary Directories.
[[0;32m  OK  [0m] Started Ubuntu Advantage update messaging.
[[0;32m  OK  [0m] Reached target Timers.
         Starting Socket activation for snappy daemon.
[[0;32m  OK  [0m] Started ACPI Events Check.
[[0;32m  OK  [0m] Reached target Paths.
[[0;32m  OK  [0m] Mounted /vagrant.
[[0;32m  OK  [0m] Started Availability of block devices.
[[0;32m  OK  [0m] Listening on LXD - unix socket.
[[0;32m  OK  [0m] Listening on Socket activation for snappy daemon.
[[0;32m  OK  [0m] Reached target Sockets.
[[0;32m  OK  [0m] Reached target Basic System.
         Starting Accounts Service...
         Starting Virtualbox guest utils...
         Starting OpenBSD Secure Shell server...
[[0;32m  OK  [0m] Started Deferred execution scheduler.
[[0;32m  OK  [0m] Started Regular background program processing daemon.
[[0;32m  OK  [0m] Started D-Bus System Message Bus.
         Starting LSB: Record successful boot for GRUB...
         Starting System Logging Service...
         Starting Snap Daemon...
[[0;32m  OK  [0m] Started irqbalance daemon.
         Starting Login Service...
[[0;32m  OK  [0m] Started FUSE filesystem for LXC.
         Starting Dispatcher daemon for systemd-networkd...
         Starting LXD - container startup/shutdown...
[[0;32m  OK  [0m] Reached target Remote File Systems.
         Starting LSB: automatic crash report generation...
         Starting Permit User Sessions...
[[0;32m  OK  [0m] Started Permit User Sessions.
         Starting Hold until boot process finishes up...
         Starting Terminate Plymouth Boot Screen...
         Starting Authorization Manager...
[[0;32m  OK  [0m] Started Hold until boot process finishes up.
         Starting Set console scheme...
[[0;32m  OK  [0m] Started Serial Getty on ttyS0.
[[0;32m  OK  [0m] Started Terminate Plymouth Boot Screen.
[[0;32m  OK  [0m] Started Login Service.
[[0;32m  OK  [0m] Started Unattended Upgrades Shutdown.
[[0;32m  OK  [0m] Started Set console scheme.
[[0;32m  OK  [0m] Created slice system-getty.slice.
[[0;32m  OK  [0m] Started Getty on tty1.
[[0;32m  OK  [0m] Reached target Login Prompts.
[[0;32m  OK  [0m] Started LSB: Record successful boot for GRUB.
[[0;32m  OK  [0m] Started LSB: automatic crash report generation.
[[0;32m  OK  [0m] Started System Logging Service.
[[0;32m  OK  [0m] Started Authorization Manager.
[[0;32m  OK  [0m] Started Accounts Service.
[[0;32m  OK  [0m] Started Virtualbox guest utils.
[[0;32m  OK  [0m] Started OpenBSD Secure Shell server.

Ubuntu 18.04.6 LTS ubuntu-bionic ttyS0

ubuntu-bionic login: [   74.958024] cloud-init[1218]: Cloud-init v. 21.2-3-g899bfaa9-0ubuntu2~18.04.1 running 'modules:config' at Fri, 22 Oct 2021 06:55:19 +0000. Up 74.43 seconds.
[   77.351916] cloud-init[1281]: Cloud-init v. 21.2-3-g899bfaa9-0ubuntu2~18.04.1 running 'modules:final' at Fri, 22 Oct 2021 06:55:21 +0000. Up 76.87 seconds.
[   77.352855] cloud-init[1281]: Cloud-init v. 21.2-3-g899bfaa9-0ubuntu2~18.04.1 finished at Fri, 22 Oct 2021 06:55:22 +0000. Datasource DataSourceNoCloud [seed=/dev/sdb][dsmode=net].  Up 77.32 seconds
